<?xml version="1.0" encoding="UTF-8"?>
<!-- Generated by org.testng.reporters.JUnitReportReporter -->
<testsuite skipped="0" hostname="user1-PC" name="SeleniumTest.OneBrowserManytests" tests="2" failures="0" timestamp="08 Apr 2020 19:46:17 GMT" time="6.319" errors="0">
  <testcase name="checkContact" time="6.200" classname="SeleniumTest.OneBrowserManytests"/>
  <testcase name="checkCovidText" time="0.119" classname="SeleniumTest.OneBrowserManytests"/>
</testsuite> <!-- SeleniumTest.OneBrowserManytests -->
