<?xml version="1.0" encoding="UTF-8"?>
<!-- Generated by org.testng.reporters.JUnitReportReporter -->
<testsuite skipped="0" hostname="user1-PC" name="SeleniumTest.Test1" tests="2" failures="0" timestamp="08 Apr 2020 19:43:06 GMT" time="3.634" errors="0">
  <testcase name="checkCovidText" time="0.096" classname="SeleniumTest.Test1"/>
  <testcase name="checkContact" time="3.538" classname="SeleniumTest.Test1"/>
</testsuite> <!-- SeleniumTest.Test1 -->
