<?xml version="1.0" encoding="UTF-8"?>
<!-- Generated by org.testng.reporters.JUnitReportReporter -->
<testsuite skipped="1" hostname="user1-PC" name="SeleniumTest.Test2" tests="1" failures="0" timestamp="07 Apr 2020 18:10:07 GMT" time="0.000" errors="0">
  <testcase name="getGmail" time="0.000" classname="SeleniumTest.Test2">
    <skipped/>
  </testcase> <!-- getGmail -->
</testsuite> <!-- SeleniumTest.Test2 -->
